Using pre-set license
Built from '2021.3/evg/staging/82bb020e-b03b1330/draft-0' branch; Version is '2021.3.16f1 (4016570cf34f) revision 4200023'; Using compiler version '192829333'; Build Type 'Release'
OS: 'Windows 10  (10.0.19045) 64bit Core' Language: 'fr' Physical Memory: 32690 MB
BatchMode: 1, IsHumanControllingUs: 0, StartBugReporterOnCrash: 0, Is64bit: 1, IsPro: 1

COMMAND LINE ARGUMENTS:
D:\Users\Louis Rodet\Documents\2021.3.16f1\Editor\Unity.exe
-adb2
-batchMode
-noUpm
-name
AssetImportWorker0
-projectPath
C:/Users/Louis Rodet/Desktop/TheTinyCar
-logFile
Logs/AssetImportWorker0.log
-srvPort
64275
Successfully changed project path to: C:/Users/Louis Rodet/Desktop/TheTinyCar
C:/Users/Louis Rodet/Desktop/TheTinyCar
[UnityMemory] Configuration Parameters - Can be set up in boot.config
    "memorysetup-bucket-allocator-granularity=16"
    "memorysetup-bucket-allocator-bucket-count=8"
    "memorysetup-bucket-allocator-block-size=33554432"
    "memorysetup-bucket-allocator-block-count=8"
    "memorysetup-main-allocator-block-size=16777216"
    "memorysetup-thread-allocator-block-size=16777216"
    "memorysetup-gfx-main-allocator-block-size=16777216"
    "memorysetup-gfx-thread-allocator-block-size=16777216"
    "memorysetup-cache-allocator-block-size=4194304"
    "memorysetup-typetree-allocator-block-size=2097152"
    "memorysetup-profiler-bucket-allocator-granularity=16"
    "memorysetup-profiler-bucket-allocator-bucket-count=8"
    "memorysetup-profiler-bucket-allocator-block-size=33554432"
    "memorysetup-profiler-bucket-allocator-block-count=8"
    "memorysetup-profiler-allocator-block-size=16777216"
    "memorysetup-profiler-editor-allocator-block-size=1048576"
    "memorysetup-temp-allocator-size-main=16777216"
    "memorysetup-job-temp-allocator-block-size=2097152"
    "memorysetup-job-temp-allocator-block-size-background=1048576"
    "memorysetup-job-temp-allocator-reduction-small-platforms=262144"
    "memorysetup-temp-allocator-size-background-worker=32768"
    "memorysetup-temp-allocator-size-job-worker=262144"
    "memorysetup-temp-allocator-size-preload-manager=33554432"
    "memorysetup-temp-allocator-size-nav-mesh-worker=65536"
    "memorysetup-temp-allocator-size-audio-worker=65536"
    "memorysetup-temp-allocator-size-cloud-worker=32768"
    "memorysetup-temp-allocator-size-gi-baking-worker=262144"
    "memorysetup-temp-allocator-size-gfx=262144"
Player connection [25416] Host "[IP] 192.168.1.139 [Port] 0 [Flags] 2 [Guid] 3584771201 [EditorId] 3584771201 [Version] 1048832 [Id] WindowsEditor(7,DESKTOP-LGINS7O) [Debug] 1 [PackageName] WindowsEditor [ProjectName] Editor" joined multi-casting on [225.0.0.222:54997]...

Player connection [25416] Host "[IP] 192.168.1.139 [Port] 0 [Flags] 2 [Guid] 3584771201 [EditorId] 3584771201 [Version] 1048832 [Id] WindowsEditor(7,DESKTOP-LGINS7O) [Debug] 1 [PackageName] WindowsEditor [ProjectName] Editor" joined alternative multi-casting on [225.0.0.222:34997]...

Refreshing native plugins compatible for Editor in 154.90 ms, found 4 plugins.
Preloading 0 native plugins for Editor in 0.00 ms.
Initialize engine version: 2021.3.16f1 (4016570cf34f)
[Subsystems] Discovering subsystems at path D:/Users/Louis Rodet/Documents/2021.3.16f1/Editor/Data/Resources/UnitySubsystems
[Subsystems] Discovering subsystems at path C:/Users/Louis Rodet/Desktop/TheTinyCar/Assets
GfxDevice: creating device client; threaded=0; jobified=0
Direct3D:
    Version:  Direct3D 11.0 [level 11.1]
    Renderer: NVIDIA GeForce RTX 2060 (ID=0x1f08)
    Vendor:   NVIDIA
    VRAM:     5980 MB
    Driver:   31.0.15.1659
Initialize mono
Mono path[0] = 'D:/Users/Louis Rodet/Documents/2021.3.16f1/Editor/Data/Managed'
Mono path[1] = 'D:/Users/Louis Rodet/Documents/2021.3.16f1/Editor/Data/MonoBleedingEdge/lib/mono/unityjit-win32'
Mono config path = 'D:/Users/Louis Rodet/Documents/2021.3.16f1/Editor/Data/MonoBleedingEdge/etc'
Using monoOptions --debugger-agent=transport=dt_socket,embedding=1,server=y,suspend=n,address=127.0.0.1:56064
Begin MonoManager ReloadAssembly
Registering precompiled unity dll's ...
Register platform support module: D:/Users/Louis Rodet/Documents/2021.3.16f1/Editor/Data/PlaybackEngines/WebGLSupport/UnityEditor.WebGL.Extensions.dll
Register platform support module: D:/Users/Louis Rodet/Documents/2021.3.16f1/Editor/Data/PlaybackEngines/WindowsStandaloneSupport/UnityEditor.WindowsStandalone.Extensions.dll
Registered in 0.299279 seconds.
Native extension for WindowsStandalone target not found
Native extension for WebGL target not found
Refreshing native plugins compatible for Editor in 155.33 ms, found 4 plugins.
Preloading 0 native plugins for Editor in 0.00 ms.
Mono: successfully reloaded assembly
- Completed reload, in  6.475 seconds
Domain Reload Profiling:
	ReloadAssembly (6476ms)
		BeginReloadAssembly (4511ms)
			ExecutionOrderSort (0ms)
			DisableScriptedObjects (0ms)
			BackupInstance (0ms)
			ReleaseScriptingObjects (0ms)
			CreateAndSetChildDomain (1ms)
		EndReloadAssembly (1235ms)
			LoadAssemblies (4515ms)
			RebuildTransferFunctionScriptingTraits (0ms)
			SetupTypeCache (769ms)
			ReleaseScriptCaches (0ms)
			RebuildScriptCaches (30ms)
			SetupLoadedEditorAssemblies (376ms)
				LogAssemblyErrors (0ms)
				InitializePlatformSupportModulesInManaged (8ms)
				SetLoadedEditorAssemblies (0ms)
				RefreshPlugins (155ms)
				BeforeProcessingInitializeOnLoad (1ms)
				ProcessInitializeOnLoadAttributes (157ms)
				ProcessInitializeOnLoadMethodAttributes (54ms)
				AfterProcessingInitializeOnLoad (0ms)
				EditorAssembliesLoaded (0ms)
			ExecutionOrderSort2 (0ms)
			AwakeInstancesAfterBackupRestoration (0ms)
Platform modules already initialized, skipping
Registering precompiled user dll's ...
Registered in 0.018639 seconds.
Begin MonoManager ReloadAssembly
Symbol file LoadedFromMemory doesn't match image C:\Users\Louis Rodet\Desktop\TheTinyCar\Library\PackageCache\com.unity.visualscripting@1.7.8\Editor\VisualScripting.Core\Dependencies\YamlDotNet\Unity.VisualScripting.YamlDotNet.dll
Symbol file LoadedFromMemory doesn't match image C:\Users\Louis Rodet\Desktop\TheTinyCar\Library\PackageCache\com.unity.visualscripting@1.7.8\Editor\VisualScripting.Core\Dependencies\DotNetZip\Unity.VisualScripting.IonicZip.dll
Native extension for WindowsStandalone target not found
Native extension for WebGL target not found
Refreshing native plugins compatible for Editor in 153.46 ms, found 4 plugins.
Preloading 0 native plugins for Editor in 0.00 ms.
Mono: successfully reloaded assembly
- Completed reload, in  3.451 seconds
Domain Reload Profiling:
	ReloadAssembly (3452ms)
		BeginReloadAssembly (128ms)
			ExecutionOrderSort (0ms)
			DisableScriptedObjects (7ms)
			BackupInstance (0ms)
			ReleaseScriptingObjects (0ms)
			CreateAndSetChildDomain (26ms)
		EndReloadAssembly (3190ms)
			LoadAssemblies (137ms)
			RebuildTransferFunctionScriptingTraits (0ms)
			SetupTypeCache (1008ms)
			ReleaseScriptCaches (1ms)
			RebuildScriptCaches (79ms)
			SetupLoadedEditorAssemblies (1919ms)
				LogAssemblyErrors (0ms)
				InitializePlatformSupportModulesInManaged (5ms)
				SetLoadedEditorAssemblies (0ms)
				RefreshPlugins (154ms)
				BeforeProcessingInitializeOnLoad (147ms)
				ProcessInitializeOnLoadAttributes (575ms)
				ProcessInitializeOnLoadMethodAttributes (1034ms)
				AfterProcessingInitializeOnLoad (4ms)
				EditorAssembliesLoaded (0ms)
			ExecutionOrderSort2 (0ms)
			AwakeInstancesAfterBackupRestoration (10ms)
Platform modules already initialized, skipping
========================================================================
Worker process is ready to serve import requests
Launched and connected shader compiler UnityShaderCompiler.exe after 0.07 seconds
Refreshing native plugins compatible for Editor in 1.09 ms, found 4 plugins.
Preloading 0 native plugins for Editor in 0.00 ms.
Unloading 6281 Unused Serialized files (Serialized files now loaded: 0)
Unloading 122 unused Assets / (24.4 MB). Loaded Objects now: 6687.
Memory consumption went from 292.0 MB to 267.6 MB.
Total: 8.318900 ms (FindLiveObjects: 0.653100 ms CreateObjectMapping: 0.593700 ms MarkObjects: 3.227300 ms  DeleteObjects: 3.844100 ms)

AssetImportParameters requested are different than current active one (requested -> active):
  custom:video-decoder-ogg-theora: a1e56fd34408186e4bbccfd4996cb3dc -> 
  custom:container-muxer-webm: aa71ff27fc2769a1b78a27578f13a17b -> 
  custom:container-demuxer-webm: 4f35f7cbe854078d1ac9338744f61a02 -> 
  custom:video-encoder-webm-vp8: eb34c28f22e8b96e1ab97ce403110664 -> 
  custom:audio-encoder-webm-vorbis: bf7c407c2cedff20999df2af8eb42d56 -> 
  custom:framework-win-MediaFoundation: 216162199b28c13a410421893ffa2e32 -> 
  custom:container-demuxer-ogg: 62fdf1f143b41e24485cea50d1cbac27 -> 
  custom:video-decoder-webm-vp8: 9c59270c3fd7afecdb556c50c9e8de78 -> 
  custom:audio-decoder-ogg-vorbis: bf7c407c2cedff20999df2af8eb42d56 -> 
========================================================================
Received Import Request.
  Time since last request: 1175630.684606 seconds.
  path: Assets/Buildings_pack/Prefabs/Xmas/Road_X-mas/street_lights/street_light06.prefab
  artifactKey: Guid(961676241c1bc3e4ab178569e8b9eb69) Importer(815301076,1909f56bfc062723c751e8b465ee728b)
Start importing Assets/Buildings_pack/Prefabs/Xmas/Road_X-mas/street_lights/street_light06.prefab using Guid(961676241c1bc3e4ab178569e8b9eb69) Importer(815301076,1909f56bfc062723c751e8b465ee728b)  -> (artifact id: 'fde5f6dce6400b6c1929ee7df8b8f4e2') in 0.301779 seconds 
========================================================================
Received Import Request.
  Time since last request: 0.000024 seconds.
  path: Assets/Buildings_pack/Prefabs/Xmas/Road_X-mas/street_lights/street_light02.prefab
  artifactKey: Guid(0c7a538efa57a35468b8d2e1ae73777c) Importer(815301076,1909f56bfc062723c751e8b465ee728b)
Start importing Assets/Buildings_pack/Prefabs/Xmas/Road_X-mas/street_lights/street_light02.prefab using Guid(0c7a538efa57a35468b8d2e1ae73777c) Importer(815301076,1909f56bfc062723c751e8b465ee728b)  -> (artifact id: 'b72c0a31b6c0b836051eab65a495614d') in 0.010986 seconds 
========================================================================
Received Import Request.
  Time since last request: 0.000027 seconds.
  path: Assets/Buildings_pack/Prefabs/Xmas/Road_X-mas/street_lights/street_light03.prefab
  artifactKey: Guid(6e5ce9dc3f4b3d040a158b858ee3801a) Importer(815301076,1909f56bfc062723c751e8b465ee728b)
Start importing Assets/Buildings_pack/Prefabs/Xmas/Road_X-mas/street_lights/street_light03.prefab using Guid(6e5ce9dc3f4b3d040a158b858ee3801a) Importer(815301076,1909f56bfc062723c751e8b465ee728b)  -> (artifact id: '4520e529022f5273aaa87bd14766d5f7') in 0.010053 seconds 
========================================================================
Received Import Request.
  Time since last request: 0.000021 seconds.
  path: Assets/Buildings_pack/Prefabs/Xmas/Road_X-mas/street_lights/street_light04.prefab
  artifactKey: Guid(5fc2444b2eb12c54186fba14bb263cd7) Importer(815301076,1909f56bfc062723c751e8b465ee728b)
Start importing Assets/Buildings_pack/Prefabs/Xmas/Road_X-mas/street_lights/street_light04.prefab using Guid(5fc2444b2eb12c54186fba14bb263cd7) Importer(815301076,1909f56bfc062723c751e8b465ee728b)  -> (artifact id: '7b7e47856c5dbea8e24ce16f6e76c03f') in 0.010164 seconds 
========================================================================
Received Import Request.
  Time since last request: 0.000028 seconds.
  path: Assets/Buildings_pack/Prefabs/Xmas/Road_X-mas/street_lights/street_light05.prefab
  artifactKey: Guid(74a34bdd9cd06884ab476f94fe5aeb8a) Importer(815301076,1909f56bfc062723c751e8b465ee728b)
Start importing Assets/Buildings_pack/Prefabs/Xmas/Road_X-mas/street_lights/street_light05.prefab using Guid(74a34bdd9cd06884ab476f94fe5aeb8a) Importer(815301076,1909f56bfc062723c751e8b465ee728b)  -> (artifact id: '52145b67e44e84a92bd8c4f0f4984413') in 0.009883 seconds 
========================================================================
Received Import Request.
  Time since last request: 0.248547 seconds.
  path: Assets/Buildings_pack/Prefabs/Xmas/Road_X-mas/street_lights/street_light01.prefab
  artifactKey: Guid(bf8583f90ee9fb94d9d38dd5c9609aef) Importer(815301076,1909f56bfc062723c751e8b465ee728b)
Start importing Assets/Buildings_pack/Prefabs/Xmas/Road_X-mas/street_lights/street_light01.prefab using Guid(bf8583f90ee9fb94d9d38dd5c9609aef) Importer(815301076,1909f56bfc062723c751e8b465ee728b)  -> (artifact id: '1593c3ab80a85551e413653842a5ae95') in 0.013896 seconds 
